DEB [20211002-20:07:02.463] thr=1   paramiko.transport: starting thread (client mode): 0x443eb3a0
DEB [20211002-20:07:02.464] thr=1   paramiko.transport: Local version/idstring: SSH-2.0-paramiko_2.7.2
DEB [20211002-20:07:02.470] thr=1   paramiko.transport: Remote version/idstring: SSH-2.0-OpenSSH_8.4p1 Ubuntu-5ubuntu1.1
INF [20211002-20:07:02.470] thr=1   paramiko.transport: Connected (version 2.0, client OpenSSH_8.4p1)
DEB [20211002-20:07:02.471] thr=1   paramiko.transport: kex algos:['curve25519-sha256', 'curve25519-sha256@libssh.org', 'ecdh-sha2-nistp256', 'ecdh-sha2-nistp384', 'ecdh-sha2-nistp521', 'diffie-hellman-group-exchange-sha256', 'diffie-hellman-group16-sha512', 'diffie-hellman-group18-sha512', 'diffie-hellman-group14-sha256'] server key:['rsa-sha2-512', 'rsa-sha2-256', 'ssh-rsa', 'ecdsa-sha2-nistp256', 'ssh-ed25519'] client encrypt:['chacha20-poly1305@openssh.com', 'aes128-ctr', 'aes192-ctr', 'aes256-ctr', 'aes128-gcm@openssh.com', 'aes256-gcm@openssh.com'] server encrypt:['chacha20-poly1305@openssh.com', 'aes128-ctr', 'aes192-ctr', 'aes256-ctr', 'aes128-gcm@openssh.com', 'aes256-gcm@openssh.com'] client mac:['umac-64-etm@openssh.com', 'umac-128-etm@openssh.com', 'hmac-sha2-256-etm@openssh.com', 'hmac-sha2-512-etm@openssh.com', 'hmac-sha1-etm@openssh.com', 'umac-64@openssh.com', 'umac-128@openssh.com', 'hmac-sha2-256', 'hmac-sha2-512', 'hmac-sha1'] server mac:['umac-64-etm@openssh.com', 'umac-128-etm@openssh.com', 'hmac-sha2-256-etm@openssh.com', 'hmac-sha2-512-etm@openssh.com', 'hmac-sha1-etm@openssh.com', 'umac-64@openssh.com', 'umac-128@openssh.com', 'hmac-sha2-256', 'hmac-sha2-512', 'hmac-sha1'] client compress:['none', 'zlib@openssh.com'] server compress:['none', 'zlib@openssh.com'] client lang:[''] server lang:[''] kex follows?False
DEB [20211002-20:07:02.471] thr=1   paramiko.transport: Kex agreed: curve25519-sha256@libssh.org
DEB [20211002-20:07:02.471] thr=1   paramiko.transport: HostKey agreed: ssh-ed25519
DEB [20211002-20:07:02.471] thr=1   paramiko.transport: Cipher agreed: aes128-ctr
DEB [20211002-20:07:02.471] thr=1   paramiko.transport: MAC agreed: hmac-sha2-256
DEB [20211002-20:07:02.471] thr=1   paramiko.transport: Compression agreed: none
DEB [20211002-20:07:02.477] thr=1   paramiko.transport: kex engine KexCurve25519 specified hash_algo <built-in function openssl_sha256>
DEB [20211002-20:07:02.477] thr=1   paramiko.transport: Switch to new keys ...
DEB [20211002-20:07:02.477] thr=2   paramiko.transport: Adding ssh-ed25519 host key for user1-VirtualBox: b'443a240877d97117a937964fc37b2bba'
DEB [20211002-20:07:02.478] thr=1   paramiko.transport: userauth is OK
INF [20211002-20:07:02.488] thr=1   paramiko.transport: Authentication (password) successful!
DEB [20211002-20:07:02.488] thr=2   paramiko.transport: [chan 0] Max packet in: 32768 bytes
DEB [20211002-20:07:02.680] thr=1   paramiko.transport: Received global request "hostkeys-00@openssh.com"
DEB [20211002-20:07:02.680] thr=1   paramiko.transport: Rejecting "hostkeys-00@openssh.com" global request from server.
DEB [20211002-20:07:02.722] thr=1   paramiko.transport: [chan 0] Max packet out: 32768 bytes
DEB [20211002-20:07:02.722] thr=1   paramiko.transport: Secsh channel 0 opened.
DEB [20211002-20:07:02.725] thr=1   paramiko.transport: [chan 0] Sesch channel 0 request ok
DEB [20211002-20:07:02.729] thr=1   paramiko.transport: [chan 0] EOF received (0)
DEB [20211002-20:07:02.729] thr=1   paramiko.transport: [chan 0] EOF sent (0)
DEB [20211002-20:07:02.729] thr=1   paramiko.transport: Dropping user packet because connection is dead.
DEB [20211002-20:07:02.729] thr=1   paramiko.transport: Dropping user packet because connection is dead.
DEB [20211002-20:08:18.744] thr=1   paramiko.transport: starting thread (client mode): 0x7c3d0d0
DEB [20211002-20:08:18.744] thr=1   paramiko.transport: Local version/idstring: SSH-2.0-paramiko_2.7.2
DEB [20211002-20:08:18.751] thr=1   paramiko.transport: Remote version/idstring: SSH-2.0-OpenSSH_8.4p1 Ubuntu-5ubuntu1.1
INF [20211002-20:08:18.751] thr=1   paramiko.transport: Connected (version 2.0, client OpenSSH_8.4p1)
DEB [20211002-20:08:18.752] thr=1   paramiko.transport: kex algos:['curve25519-sha256', 'curve25519-sha256@libssh.org', 'ecdh-sha2-nistp256', 'ecdh-sha2-nistp384', 'ecdh-sha2-nistp521', 'diffie-hellman-group-exchange-sha256', 'diffie-hellman-group16-sha512', 'diffie-hellman-group18-sha512', 'diffie-hellman-group14-sha256'] server key:['rsa-sha2-512', 'rsa-sha2-256', 'ssh-rsa', 'ecdsa-sha2-nistp256', 'ssh-ed25519'] client encrypt:['chacha20-poly1305@openssh.com', 'aes128-ctr', 'aes192-ctr', 'aes256-ctr', 'aes128-gcm@openssh.com', 'aes256-gcm@openssh.com'] server encrypt:['chacha20-poly1305@openssh.com', 'aes128-ctr', 'aes192-ctr', 'aes256-ctr', 'aes128-gcm@openssh.com', 'aes256-gcm@openssh.com'] client mac:['umac-64-etm@openssh.com', 'umac-128-etm@openssh.com', 'hmac-sha2-256-etm@openssh.com', 'hmac-sha2-512-etm@openssh.com', 'hmac-sha1-etm@openssh.com', 'umac-64@openssh.com', 'umac-128@openssh.com', 'hmac-sha2-256', 'hmac-sha2-512', 'hmac-sha1'] server mac:['umac-64-etm@openssh.com', 'umac-128-etm@openssh.com', 'hmac-sha2-256-etm@openssh.com', 'hmac-sha2-512-etm@openssh.com', 'hmac-sha1-etm@openssh.com', 'umac-64@openssh.com', 'umac-128@openssh.com', 'hmac-sha2-256', 'hmac-sha2-512', 'hmac-sha1'] client compress:['none', 'zlib@openssh.com'] server compress:['none', 'zlib@openssh.com'] client lang:[''] server lang:[''] kex follows?False
DEB [20211002-20:08:18.752] thr=1   paramiko.transport: Kex agreed: curve25519-sha256@libssh.org
DEB [20211002-20:08:18.752] thr=1   paramiko.transport: HostKey agreed: ssh-ed25519
DEB [20211002-20:08:18.752] thr=1   paramiko.transport: Cipher agreed: aes128-ctr
DEB [20211002-20:08:18.752] thr=1   paramiko.transport: MAC agreed: hmac-sha2-256
DEB [20211002-20:08:18.752] thr=1   paramiko.transport: Compression agreed: none
DEB [20211002-20:08:18.757] thr=1   paramiko.transport: kex engine KexCurve25519 specified hash_algo <built-in function openssl_sha256>
DEB [20211002-20:08:18.757] thr=1   paramiko.transport: Switch to new keys ...
DEB [20211002-20:08:18.757] thr=2   paramiko.transport: Attempting password auth...
DEB [20211002-20:08:18.757] thr=1   paramiko.transport: userauth is OK
INF [20211002-20:08:18.770] thr=1   paramiko.transport: Authentication (password) successful!
DEB [20211002-20:08:18.771] thr=2   paramiko.transport: [chan 0] Max packet in: 32768 bytes
DEB [20211002-20:08:18.964] thr=1   paramiko.transport: Received global request "hostkeys-00@openssh.com"
DEB [20211002-20:08:18.964] thr=1   paramiko.transport: Rejecting "hostkeys-00@openssh.com" global request from server.
DEB [20211002-20:08:19.006] thr=1   paramiko.transport: [chan 0] Max packet out: 32768 bytes
DEB [20211002-20:08:19.006] thr=1   paramiko.transport: Secsh channel 0 opened.
DEB [20211002-20:08:19.007] thr=1   paramiko.transport: [chan 0] Sesch channel 0 request ok
INF [20211002-20:08:19.012] thr=2   paramiko.transport.sftp: [chan 0] Opened sftp connection (server version 3)
DEB [20211002-20:08:19.012] thr=2   paramiko.transport.sftp: [chan 0] open(b'test1.txt', 'wb')
DEB [20211002-20:08:19.013] thr=2   paramiko.transport.sftp: [chan 0] open(b'test1.txt', 'wb') -> 00000000
DEB [20211002-20:08:19.013] thr=2   paramiko.transport.sftp: [chan 0] close(00000000)
DEB [20211002-20:08:19.014] thr=2   paramiko.transport.sftp: [chan 0] stat(b'test1.txt')
INF [20211002-20:08:19.014] thr=2   paramiko.transport.sftp: [chan 0] sftp session closed.
DEB [20211002-20:08:19.014] thr=2   paramiko.transport: [chan 0] EOF sent (0)
DEB [20211002-20:10:58.116] thr=1   paramiko.transport: starting thread (client mode): 0x7c1d05e0
DEB [20211002-20:10:58.116] thr=1   paramiko.transport: Local version/idstring: SSH-2.0-paramiko_2.7.2
DEB [20211002-20:10:58.123] thr=1   paramiko.transport: Remote version/idstring: SSH-2.0-OpenSSH_8.4p1 Ubuntu-5ubuntu1.1
INF [20211002-20:10:58.123] thr=1   paramiko.transport: Connected (version 2.0, client OpenSSH_8.4p1)
DEB [20211002-20:10:58.124] thr=1   paramiko.transport: kex algos:['curve25519-sha256', 'curve25519-sha256@libssh.org', 'ecdh-sha2-nistp256', 'ecdh-sha2-nistp384', 'ecdh-sha2-nistp521', 'diffie-hellman-group-exchange-sha256', 'diffie-hellman-group16-sha512', 'diffie-hellman-group18-sha512', 'diffie-hellman-group14-sha256'] server key:['rsa-sha2-512', 'rsa-sha2-256', 'ssh-rsa', 'ecdsa-sha2-nistp256', 'ssh-ed25519'] client encrypt:['chacha20-poly1305@openssh.com', 'aes128-ctr', 'aes192-ctr', 'aes256-ctr', 'aes128-gcm@openssh.com', 'aes256-gcm@openssh.com'] server encrypt:['chacha20-poly1305@openssh.com', 'aes128-ctr', 'aes192-ctr', 'aes256-ctr', 'aes128-gcm@openssh.com', 'aes256-gcm@openssh.com'] client mac:['umac-64-etm@openssh.com', 'umac-128-etm@openssh.com', 'hmac-sha2-256-etm@openssh.com', 'hmac-sha2-512-etm@openssh.com', 'hmac-sha1-etm@openssh.com', 'umac-64@openssh.com', 'umac-128@openssh.com', 'hmac-sha2-256', 'hmac-sha2-512', 'hmac-sha1'] server mac:['umac-64-etm@openssh.com', 'umac-128-etm@openssh.com', 'hmac-sha2-256-etm@openssh.com', 'hmac-sha2-512-etm@openssh.com', 'hmac-sha1-etm@openssh.com', 'umac-64@openssh.com', 'umac-128@openssh.com', 'hmac-sha2-256', 'hmac-sha2-512', 'hmac-sha1'] client compress:['none', 'zlib@openssh.com'] server compress:['none', 'zlib@openssh.com'] client lang:[''] server lang:[''] kex follows?False
DEB [20211002-20:10:58.124] thr=1   paramiko.transport: Kex agreed: curve25519-sha256@libssh.org
DEB [20211002-20:10:58.124] thr=1   paramiko.transport: HostKey agreed: ssh-ed25519
DEB [20211002-20:10:58.124] thr=1   paramiko.transport: Cipher agreed: aes128-ctr
DEB [20211002-20:10:58.124] thr=1   paramiko.transport: MAC agreed: hmac-sha2-256
DEB [20211002-20:10:58.124] thr=1   paramiko.transport: Compression agreed: none
DEB [20211002-20:10:58.129] thr=1   paramiko.transport: kex engine KexCurve25519 specified hash_algo <built-in function openssl_sha256>
DEB [20211002-20:10:58.129] thr=1   paramiko.transport: Switch to new keys ...
DEB [20211002-20:10:58.129] thr=2   paramiko.transport: Attempting password auth...
DEB [20211002-20:10:58.130] thr=1   paramiko.transport: userauth is OK
INF [20211002-20:10:58.140] thr=1   paramiko.transport: Authentication (password) successful!
DEB [20211002-20:10:58.140] thr=2   paramiko.transport: [chan 0] Max packet in: 32768 bytes
DEB [20211002-20:10:58.346] thr=1   paramiko.transport: Received global request "hostkeys-00@openssh.com"
DEB [20211002-20:10:58.347] thr=1   paramiko.transport: Rejecting "hostkeys-00@openssh.com" global request from server.
DEB [20211002-20:10:58.387] thr=1   paramiko.transport: [chan 0] Max packet out: 32768 bytes
DEB [20211002-20:10:58.387] thr=1   paramiko.transport: Secsh channel 0 opened.
DEB [20211002-20:10:58.388] thr=1   paramiko.transport: [chan 0] Sesch channel 0 request ok
INF [20211002-20:10:58.391] thr=2   paramiko.transport.sftp: [chan 0] Opened sftp connection (server version 3)
DEB [20211002-20:10:58.392] thr=2   paramiko.transport.sftp: [chan 0] open(b'test2.txt', 'wb')
DEB [20211002-20:10:58.392] thr=2   paramiko.transport.sftp: [chan 0] open(b'test2.txt', 'wb') -> 00000000
DEB [20211002-20:10:58.392] thr=2   paramiko.transport.sftp: [chan 0] close(00000000)
DEB [20211002-20:10:58.400] thr=2   paramiko.transport.sftp: [chan 0] stat(b'test2.txt')
DEB [20211002-20:10:58.402] thr=2   paramiko.transport.sftp: [chan 0] stat(b'test2.txt')
DEB [20211002-20:10:58.403] thr=2   paramiko.transport.sftp: [chan 0] open(b'test2.txt', 'rb')
DEB [20211002-20:10:58.404] thr=2   paramiko.transport.sftp: [chan 0] open(b'test2.txt', 'rb') -> 00000000
DEB [20211002-20:10:58.405] thr=2   paramiko.transport.sftp: [chan 0] close(00000000)
INF [20211002-20:10:58.408] thr=2   paramiko.transport.sftp: [chan 0] sftp session closed.
DEB [20211002-20:10:58.408] thr=2   paramiko.transport: [chan 0] EOF sent (0)
DEB [20211002-20:19:52.683] thr=1   paramiko.transport: starting thread (client mode): 0x41a7da60
DEB [20211002-20:19:52.684] thr=1   paramiko.transport: Local version/idstring: SSH-2.0-paramiko_2.7.2
DEB [20211002-20:19:52.697] thr=1   paramiko.transport: Remote version/idstring: SSH-2.0-OpenSSH_8.4p1 Ubuntu-5ubuntu1.1
INF [20211002-20:19:52.697] thr=1   paramiko.transport: Connected (version 2.0, client OpenSSH_8.4p1)
DEB [20211002-20:19:52.705] thr=1   paramiko.transport: kex algos:['curve25519-sha256', 'curve25519-sha256@libssh.org', 'ecdh-sha2-nistp256', 'ecdh-sha2-nistp384', 'ecdh-sha2-nistp521', 'diffie-hellman-group-exchange-sha256', 'diffie-hellman-group16-sha512', 'diffie-hellman-group18-sha512', 'diffie-hellman-group14-sha256'] server key:['rsa-sha2-512', 'rsa-sha2-256', 'ssh-rsa', 'ecdsa-sha2-nistp256', 'ssh-ed25519'] client encrypt:['chacha20-poly1305@openssh.com', 'aes128-ctr', 'aes192-ctr', 'aes256-ctr', 'aes128-gcm@openssh.com', 'aes256-gcm@openssh.com'] server encrypt:['chacha20-poly1305@openssh.com', 'aes128-ctr', 'aes192-ctr', 'aes256-ctr', 'aes128-gcm@openssh.com', 'aes256-gcm@openssh.com'] client mac:['umac-64-etm@openssh.com', 'umac-128-etm@openssh.com', 'hmac-sha2-256-etm@openssh.com', 'hmac-sha2-512-etm@openssh.com', 'hmac-sha1-etm@openssh.com', 'umac-64@openssh.com', 'umac-128@openssh.com', 'hmac-sha2-256', 'hmac-sha2-512', 'hmac-sha1'] server mac:['umac-64-etm@openssh.com', 'umac-128-etm@openssh.com', 'hmac-sha2-256-etm@openssh.com', 'hmac-sha2-512-etm@openssh.com', 'hmac-sha1-etm@openssh.com', 'umac-64@openssh.com', 'umac-128@openssh.com', 'hmac-sha2-256', 'hmac-sha2-512', 'hmac-sha1'] client compress:['none', 'zlib@openssh.com'] server compress:['none', 'zlib@openssh.com'] client lang:[''] server lang:[''] kex follows?False
DEB [20211002-20:19:52.705] thr=1   paramiko.transport: Kex agreed: curve25519-sha256@libssh.org
DEB [20211002-20:19:52.706] thr=1   paramiko.transport: HostKey agreed: ssh-ed25519
DEB [20211002-20:19:52.706] thr=1   paramiko.transport: Cipher agreed: aes128-ctr
DEB [20211002-20:19:52.706] thr=1   paramiko.transport: MAC agreed: hmac-sha2-256
DEB [20211002-20:19:52.707] thr=1   paramiko.transport: Compression agreed: none
DEB [20211002-20:19:52.720] thr=1   paramiko.transport: kex engine KexCurve25519 specified hash_algo <built-in function openssl_sha256>
DEB [20211002-20:19:52.721] thr=1   paramiko.transport: Switch to new keys ...
DEB [20211002-20:19:52.722] thr=2   paramiko.transport: Adding ssh-ed25519 host key for user1-VirtualBox: b'443a240877d97117a937964fc37b2bba'
DEB [20211002-20:19:52.730] thr=1   paramiko.transport: userauth is OK
INF [20211002-20:19:52.744] thr=1   paramiko.transport: Authentication (password) successful!
DEB [20211002-20:19:52.745] thr=2   paramiko.transport: [chan 0] Max packet in: 32768 bytes
DEB [20211002-20:19:52.959] thr=1   paramiko.transport: Received global request "hostkeys-00@openssh.com"
DEB [20211002-20:19:52.959] thr=1   paramiko.transport: Rejecting "hostkeys-00@openssh.com" global request from server.
DEB [20211002-20:19:53.005] thr=1   paramiko.transport: [chan 0] Max packet out: 32768 bytes
DEB [20211002-20:19:53.006] thr=1   paramiko.transport: Secsh channel 0 opened.
DEB [20211002-20:19:53.012] thr=1   paramiko.transport: [chan 0] Sesch channel 0 request ok
DEB [20211002-20:19:53.017] thr=1   paramiko.transport: [chan 0] EOF received (0)
DEB [20211002-20:19:53.017] thr=1   paramiko.transport: [chan 0] EOF sent (0)
DEB [20211002-20:19:53.018] thr=1   paramiko.transport: Dropping user packet because connection is dead.
DEB [20211002-20:19:57.065] thr=1   paramiko.transport: starting thread (client mode): 0x9a1785e0
DEB [20211002-20:19:57.065] thr=1   paramiko.transport: Local version/idstring: SSH-2.0-paramiko_2.7.2
DEB [20211002-20:19:57.075] thr=1   paramiko.transport: Remote version/idstring: SSH-2.0-OpenSSH_8.4p1 Ubuntu-5ubuntu1.1
INF [20211002-20:19:57.075] thr=1   paramiko.transport: Connected (version 2.0, client OpenSSH_8.4p1)
DEB [20211002-20:19:57.080] thr=1   paramiko.transport: kex algos:['curve25519-sha256', 'curve25519-sha256@libssh.org', 'ecdh-sha2-nistp256', 'ecdh-sha2-nistp384', 'ecdh-sha2-nistp521', 'diffie-hellman-group-exchange-sha256', 'diffie-hellman-group16-sha512', 'diffie-hellman-group18-sha512', 'diffie-hellman-group14-sha256'] server key:['rsa-sha2-512', 'rsa-sha2-256', 'ssh-rsa', 'ecdsa-sha2-nistp256', 'ssh-ed25519'] client encrypt:['chacha20-poly1305@openssh.com', 'aes128-ctr', 'aes192-ctr', 'aes256-ctr', 'aes128-gcm@openssh.com', 'aes256-gcm@openssh.com'] server encrypt:['chacha20-poly1305@openssh.com', 'aes128-ctr', 'aes192-ctr', 'aes256-ctr', 'aes128-gcm@openssh.com', 'aes256-gcm@openssh.com'] client mac:['umac-64-etm@openssh.com', 'umac-128-etm@openssh.com', 'hmac-sha2-256-etm@openssh.com', 'hmac-sha2-512-etm@openssh.com', 'hmac-sha1-etm@openssh.com', 'umac-64@openssh.com', 'umac-128@openssh.com', 'hmac-sha2-256', 'hmac-sha2-512', 'hmac-sha1'] server mac:['umac-64-etm@openssh.com', 'umac-128-etm@openssh.com', 'hmac-sha2-256-etm@openssh.com', 'hmac-sha2-512-etm@openssh.com', 'hmac-sha1-etm@openssh.com', 'umac-64@openssh.com', 'umac-128@openssh.com', 'hmac-sha2-256', 'hmac-sha2-512', 'hmac-sha1'] client compress:['none', 'zlib@openssh.com'] server compress:['none', 'zlib@openssh.com'] client lang:[''] server lang:[''] kex follows?False
DEB [20211002-20:19:57.080] thr=1   paramiko.transport: Kex agreed: curve25519-sha256@libssh.org
DEB [20211002-20:19:57.080] thr=1   paramiko.transport: HostKey agreed: ssh-ed25519
DEB [20211002-20:19:57.080] thr=1   paramiko.transport: Cipher agreed: aes128-ctr
DEB [20211002-20:19:57.080] thr=1   paramiko.transport: MAC agreed: hmac-sha2-256
DEB [20211002-20:19:57.080] thr=1   paramiko.transport: Compression agreed: none
DEB [20211002-20:19:57.105] thr=1   paramiko.transport: kex engine KexCurve25519 specified hash_algo <built-in function openssl_sha256>
DEB [20211002-20:19:57.106] thr=1   paramiko.transport: Switch to new keys ...
DEB [20211002-20:19:57.107] thr=2   paramiko.transport: Adding ssh-ed25519 host key for user1-VirtualBox: b'443a240877d97117a937964fc37b2bba'
DEB [20211002-20:19:57.116] thr=1   paramiko.transport: userauth is OK
INF [20211002-20:19:57.157] thr=1   paramiko.transport: Authentication (password) successful!
DEB [20211002-20:19:57.157] thr=2   paramiko.transport: [chan 0] Max packet in: 32768 bytes
DEB [20211002-20:19:57.391] thr=1   paramiko.transport: Received global request "hostkeys-00@openssh.com"
DEB [20211002-20:19:57.391] thr=1   paramiko.transport: Rejecting "hostkeys-00@openssh.com" global request from server.
DEB [20211002-20:19:57.440] thr=1   paramiko.transport: [chan 0] Max packet out: 32768 bytes
DEB [20211002-20:19:57.440] thr=1   paramiko.transport: Secsh channel 0 opened.
DEB [20211002-20:19:57.445] thr=1   paramiko.transport: [chan 0] Sesch channel 0 request ok
DEB [20211002-20:19:57.448] thr=1   paramiko.transport: [chan 0] EOF received (0)
DEB [20211002-20:19:57.448] thr=1   paramiko.transport: [chan 0] EOF sent (0)
